<?xml version="1.0" encoding="UTF-8"?>
<!-- Generated by org.testng.reporters.JUnitReportReporter -->
<testsuite hostname="DESKTOP-KKAEOGP" failures="0" tests="1" name="testNG.basics.TestNGAssertions" time="0.004" errors="0" timestamp="2023-03-01T18:22:35 EST" skipped="0">
  <testcase classname="testNG.basics.TestNGAssertions" name="testTwo" time="0.004"/>
  <system-out/>
</testsuite> <!-- testNG.basics.TestNGAssertions -->
