<?xml version="1.0" encoding="UTF-8"?>
<!-- Generated by org.testng.reporters.JUnitReportReporter -->
<testsuite hostname="DESKTOP-KKAEOGP" failures="0" tests="1" name="testNG.basics.TestNGAnnotations" time="0.007" errors="0" timestamp="2023-03-01T18:22:35 EST" skipped="0">
  <testcase classname="testNG.basics.TestNGAnnotations" name="testOne" time="0.007"/>
  <system-out/>
</testsuite> <!-- testNG.basics.TestNGAnnotations -->
