<?xml version="1.0" encoding="UTF-8"?>
<!-- Generated by org.testng.reporters.JUnitReportReporter -->
<testsuite hostname="DESKTOP-KKAEOGP" failures="0" tests="12" name="testNG.basics.TestNGDataProviderWithExcelSheet" time="0.014" errors="0" timestamp="2023-03-01T18:21:07 EST" skipped="0">
  <testcase classname="testNG.basics.TestNGDataProviderWithExcelSheet" name="testOne" time="0.006"/>
  <system-out/>
  <testcase classname="testNG.basics.TestNGDataProviderWithExcelSheet" name="testOne" time="0.001"/>
  <system-out/>
  <testcase classname="testNG.basics.TestNGDataProviderWithExcelSheet" name="testOne" time="0.000"/>
  <system-out/>
  <testcase classname="testNG.basics.TestNGDataProviderWithExcelSheet" name="testOne" time="0.001"/>
  <system-out/>
  <testcase classname="testNG.basics.TestNGDataProviderWithExcelSheet" name="testOne" time="0.000"/>
  <system-out/>
  <testcase classname="testNG.basics.TestNGDataProviderWithExcelSheet" name="testOne" time="0.001"/>
  <system-out/>
  <testcase classname="testNG.basics.TestNGDataProviderWithExcelSheet" name="testOne" time="0.001"/>
  <system-out/>
  <testcase classname="testNG.basics.TestNGDataProviderWithExcelSheet" name="testOne" time="0.001"/>
  <system-out/>
  <testcase classname="testNG.basics.TestNGDataProviderWithExcelSheet" name="testOne" time="0.000"/>
  <system-out/>
  <testcase classname="testNG.basics.TestNGDataProviderWithExcelSheet" name="testOne" time="0.001"/>
  <system-out/>
  <testcase classname="testNG.basics.TestNGDataProviderWithExcelSheet" name="testOne" time="0.001"/>
  <system-out/>
  <testcase classname="testNG.basics.TestNGDataProviderWithExcelSheet" name="testOne" time="0.001"/>
  <system-out/>
</testsuite> <!-- testNG.basics.TestNGDataProviderWithExcelSheet -->
